AA:AA0,CC-1,EE3,GG6,FF-1
BB:AA2,BB0,CC1,GG8,EE5,FF1
CC:AA-1,BB5,CC0,GG5,EE2,FF-2
DD:AA1,CC0,DD0,GG7,EE4,FF0
EE:AA0,EE0,DD-1,GG6,CC-1,FF-1
FF:GG4,FF0
GG:GG0,AA6,CC5,EE9,FF5
-----
AA:AA0,BB4,CC-1,DD2,GG3,EE1,FF-3
BB:AA2,BB0,CC1,DD4,GG5,EE3,FF-1
CC:AA-1,BB3,CC0,DD1,GG2,EE0,FF-4
DD:AA1,BB5,CC0,DD0,GG4,EE2,FF-2
EE:AA0,BB4,EE0,DD-1,GG3,CC-1,FF-3
FF:GG4,AA10,CC9,EE13,FF0
GG:AA6,BB10,CC5,DD8,GG0,EE7,FF3
-----
AA:AA0,BB2,CC-1,DD0,GG1,EE-1,FF-5
BB:AA2,BB0,CC1,DD2,GG3,EE1,FF-3
CC:AA-1,BB1,CC0,DD-1,GG0,EE-2,FF-6
DD:AA1,BB3,CC0,DD0,GG2,EE0,FF-4
EE:AA0,BB2,EE0,DD-1,GG1,CC-1,FF-5
FF:AA10,BB14,CC9,DD12,GG4,EE11,FF0
GG:AA6,BB8,CC5,DD6,GG0,EE5,FF1
-----
AA:AA0,BB0,CC-1,DD-2,GG-1,EE-3,FF-7
BB:AA2,BB0,CC1,DD0,GG1,EE-1,FF-5
CC:AA-1,BB-1,CC0,DD-3,GG-2,EE-4,FF-8
DD:AA1,BB1,CC0,DD0,GG0,EE-2,FF-6
EE:AA0,BB0,EE0,DD-1,GG-1,CC-1,FF-7
FF:AA10,BB12,CC9,DD10,GG4,EE9,FF0
GG:AA6,BB6,CC5,DD4,GG0,EE3,FF-1
-----
AA:AA0,BB-2,CC-1,DD-4,GG-3,EE-5,FF-9
BB:AA2,BB0,CC1,DD-2,GG-1,EE-3,FF-7
CC:AA-1,BB-3,CC0,DD-5,GG-4,EE-6,FF-10
DD:AA1,BB-1,CC0,DD0,GG-2,EE-4,FF-8
EE:AA0,BB-2,EE0,DD-1,GG-3,CC-1,FF-9
FF:AA10,BB10,CC9,DD8,GG4,EE7,FF0
GG:AA6,BB4,CC5,DD2,GG0,EE1,FF-3
-----
AA:AA0,BB-4,CC-1,DD-6,GG-5,EE-7,FF-11
BB:AA2,BB0,CC1,DD-4,GG-3,EE-5,FF-9
CC:AA-1,BB-5,CC0,DD-7,GG-6,EE-8,FF-12
DD:AA1,BB-3,CC0,DD0,GG-4,EE-6,FF-10
EE:AA0,BB-4,EE0,DD-1,GG-5,CC-1,FF-11
FF:AA10,BB8,CC9,DD6,GG4,EE5,FF0
GG:AA6,BB2,CC5,DD0,GG0,EE-1,FF-5
-----
AA:AA0,BB-6,CC-1,DD-8,GG-7,EE-9,FF-13
BB:AA2,BB0,CC1,DD-6,GG-5,EE-7,FF-11
CC:AA-1,BB-7,CC0,DD-9,GG-8,EE-10,FF-14
DD:AA1,BB-5,CC0,DD0,GG-6,EE-8,FF-12
EE:AA0,BB-6,EE0,DD-1,GG-7,CC-1,FF-13
FF:AA10,BB6,CC9,DD4,GG4,EE3,FF0
GG:AA6,BB0,CC5,DD-2,GG0,EE-3,FF-7
-----
AA:AA0,BB-8,CC-1,DD-10,GG-9,EE-11,FF-15
BB:AA2,BB0,CC1,DD-8,GG-7,EE-9,FF-13
CC:AA-1,BB-9,CC0,DD-11,GG-10,EE-12,FF-16
DD:AA1,BB-7,CC0,DD0,GG-8,EE-10,FF-14
EE:AA0,BB-8,EE0,DD-1,GG-9,CC-1,FF-15
FF:AA10,BB4,CC9,DD2,GG4,EE1,FF0
GG:AA6,BB-2,CC5,DD-4,GG0,EE-5,FF-9
-----
AA:AA0,BB-10,CC-1,DD-12,GG-11,EE-13,FF-17
BB:AA2,BB0,CC1,DD-10,GG-9,EE-11,FF-15
CC:AA-1,BB-11,CC0,DD-13,GG-12,EE-14,FF-18
DD:AA1,BB-9,CC0,DD0,GG-10,EE-12,FF-16
EE:AA0,BB-10,EE0,DD-1,GG-11,CC-1,FF-17
FF:AA10,BB2,CC9,DD0,GG4,EE-1,FF0
GG:AA6,BB-4,CC5,DD-6,GG0,EE-7,FF-11
-----
AA:AA0,BB-12,CC-1,DD-14,GG-13,EE-15,FF-19
BB:AA2,BB0,CC1,DD-12,GG-11,EE-13,FF-17
CC:AA-1,BB-13,CC0,DD-15,GG-14,EE-16,FF-20
DD:AA1,BB-11,CC0,DD0,GG-12,EE-14,FF-18
EE:AA0,BB-12,EE0,DD-1,GG-13,CC-1,FF-19
FF:AA10,BB0,CC9,DD-2,GG4,EE-3,FF0
GG:AA6,BB-6,CC5,DD-8,GG0,EE-9,FF-13
-----
AA:AA0,BB-14,CC-1,DD-16,GG-15,EE-17,FF-21
BB:AA2,BB0,CC1,DD-14,GG-13,EE-15,FF-19
CC:AA-1,BB-15,CC0,DD-17,GG-16,EE-18,FF-22
DD:AA1,BB-13,CC0,DD0,GG-14,EE-16,FF-20
EE:AA0,BB-14,EE0,DD-1,GG-15,CC-1,FF-21
FF:AA10,BB-2,CC9,DD-4,GG4,EE-5,FF0
GG:AA6,BB-8,CC5,DD-10,GG0,EE-11,FF-15
-----
AA:AA0,BB-16,CC-1,DD-18,GG-17,EE-19,FF-23
BB:AA2,BB0,CC1,DD-16,GG-15,EE-17,FF-21
CC:AA-1,BB-17,CC0,DD-19,GG-18,EE-20,FF-24
DD:AA1,BB-15,CC0,DD0,GG-16,EE-18,FF-22
EE:AA0,BB-16,EE0,DD-1,GG-17,CC-1,FF-23
FF:AA10,BB-4,CC9,DD-6,GG4,EE-7,FF0
GG:AA6,BB-10,CC5,DD-12,GG0,EE-13,FF-17
-----
AA:AA0,BB-18,CC-1,DD-20,GG-19,EE-21,FF-25
BB:AA2,BB0,CC1,DD-18,GG-17,EE-19,FF-23
CC:AA-1,BB-19,CC0,DD-21,GG-20,EE-22,FF-26
DD:AA1,BB-17,CC0,DD0,GG-18,EE-20,FF-24
EE:AA0,BB-18,EE0,DD-1,GG-19,CC-1,FF-25
FF:AA10,BB-6,CC9,DD-8,GG4,EE-9,FF0
GG:AA6,BB-12,CC5,DD-14,GG0,EE-15,FF-19
-----
AA:AA0,BB-20,CC-1,DD-22,GG-21,EE-23,FF-27
BB:AA2,BB0,CC1,DD-20,GG-19,EE-21,FF-25
CC:AA-1,BB-21,CC0,DD-23,GG-22,EE-24,FF-28
DD:AA1,BB-19,CC0,DD0,GG-20,EE-22,FF-26
EE:AA0,BB-20,EE0,DD-1,GG-21,CC-1,FF-27
FF:AA10,BB-8,CC9,DD-10,GG4,EE-11,FF0
GG:AA6,BB-14,CC5,DD-16,GG0,EE-17,FF-21
-----
AA:AA0,BB-22,CC-1,DD-24,GG-23,EE-25,FF-29
BB:AA2,BB0,CC1,DD-22,GG-21,EE-23,FF-27
CC:AA-1,BB-23,CC0,DD-25,GG-24,EE-26,FF-30
DD:AA1,BB-21,CC0,DD0,GG-22,EE-24,FF-28
EE:AA0,BB-22,EE0,DD-1,GG-23,CC-1,FF-29
FF:AA10,BB-10,CC9,DD-12,GG4,EE-13,FF0
GG:AA6,BB-16,CC5,DD-18,GG0,EE-19,FF-23
-----
AA:AA0,BB-24,CC-1,DD-26,GG-25,EE-27,FF-31
BB:AA2,BB0,CC1,DD-24,GG-23,EE-25,FF-29
CC:AA-1,BB-25,CC0,DD-27,GG-26,EE-28,FF-32
DD:AA1,BB-23,CC0,DD0,GG-24,EE-26,FF-30
EE:AA0,BB-24,EE0,DD-1,GG-25,CC-1,FF-31
FF:AA10,BB-12,CC9,DD-14,GG4,EE-15,FF0
GG:AA6,BB-18,CC5,DD-20,GG0,EE-21,FF-25
-----
AA:AA0,BB-26,CC-1,DD-28,GG-27,EE-29,FF-33
BB:AA2,BB0,CC1,DD-26,GG-25,EE-27,FF-31
CC:AA-1,BB-27,CC0,DD-29,GG-28,EE-30,FF-34
DD:AA1,BB-25,CC0,DD0,GG-26,EE-28,FF-32
EE:AA0,BB-26,EE0,DD-1,GG-27,CC-1,FF-33
FF:AA10,BB-14,CC9,DD-16,GG4,EE-17,FF0
GG:AA6,BB-20,CC5,DD-22,GG0,EE-23,FF-27
-----
AA:AA0,BB-28,CC-1,DD-30,GG-29,EE-31,FF-35
BB:AA2,BB0,CC1,DD-28,GG-27,EE-29,FF-33
CC:AA-1,BB-29,CC0,DD-31,GG-30,EE-32,FF-36
DD:AA1,BB-27,CC0,DD0,GG-28,EE-30,FF-34
EE:AA0,BB-28,EE0,DD-1,GG-29,CC-1,FF-35
FF:AA10,BB-16,CC9,DD-18,GG4,EE-19,FF0
GG:AA6,BB-22,CC5,DD-24,GG0,EE-25,FF-29
-----
AA:AA0,BB-30,CC-1,DD-32,GG-31,EE-33,FF-37
BB:AA2,BB0,CC1,DD-30,GG-29,EE-31,FF-35
CC:AA-1,BB-31,CC0,DD-33,GG-32,EE-34,FF-38
DD:AA1,BB-29,CC0,DD0,GG-30,EE-32,FF-36
EE:AA0,BB-30,EE0,DD-1,GG-31,CC-1,FF-37
FF:AA10,BB-18,CC9,DD-20,GG4,EE-21,FF0
GG:AA6,BB-24,CC5,DD-26,GG0,EE-27,FF-31
-----
AA:AA0,BB-32,CC-1,DD-34,GG-33,EE-35,FF-39
BB:AA2,BB0,CC1,DD-32,GG-31,EE-33,FF-37
CC:AA-1,BB-33,CC0,DD-35,GG-34,EE-36,FF-40
DD:AA1,BB-31,CC0,DD0,GG-32,EE-34,FF-38
EE:AA0,BB-32,EE0,DD-1,GG-33,CC-1,FF-39
FF:AA10,BB-20,CC9,DD-22,GG4,EE-23,FF0
GG:AA6,BB-26,CC5,DD-28,GG0,EE-29,FF-33
-----
AA:AA0,BB-34,CC-1,DD-36,GG-35,EE-37,FF-41
BB:AA2,BB0,CC1,DD-34,GG-33,EE-35,FF-39
CC:AA-1,BB-35,CC0,DD-37,GG-36,EE-38,FF-42
DD:AA1,BB-33,CC0,DD0,GG-34,EE-36,FF-40
EE:AA0,BB-34,EE0,DD-1,GG-35,CC-1,FF-41
FF:AA10,BB-22,CC9,DD-24,GG4,EE-25,FF0
GG:AA6,BB-28,CC5,DD-30,GG0,EE-31,FF-35
-----
AA:AA0,BB-36,CC-1,DD-38,GG-37,EE-39,FF-43
BB:AA2,BB0,CC1,DD-36,GG-35,EE-37,FF-41
CC:AA-1,BB-37,CC0,DD-39,GG-38,EE-40,FF-44
DD:AA1,BB-35,CC0,DD0,GG-36,EE-38,FF-42
EE:AA0,BB-36,EE0,DD-1,GG-37,CC-1,FF-43
FF:AA10,BB-24,CC9,DD-26,GG4,EE-27,FF0
GG:AA6,BB-30,CC5,DD-32,GG0,EE-33,FF-37
-----
AA:AA0,BB-38,CC-1,DD-40,GG-39,EE-41,FF-45
BB:AA2,BB0,CC1,DD-38,GG-37,EE-39,FF-43
CC:AA-1,BB-39,CC0,DD-41,GG-40,EE-42,FF-46
DD:AA1,BB-37,CC0,DD0,GG-38,EE-40,FF-44
EE:AA0,BB-38,EE0,DD-1,GG-39,CC-1,FF-45
FF:AA10,BB-26,CC9,DD-28,GG4,EE-29,FF0
GG:AA6,BB-32,CC5,DD-34,GG0,EE-35,FF-39
-----
AA:AA0,BB-40,CC-1,DD-42,GG-41,EE-43,FF-47
BB:AA2,BB0,CC1,DD-40,GG-39,EE-41,FF-45
CC:AA-1,BB-41,CC0,DD-43,GG-42,EE-44,FF-48
DD:AA1,BB-39,CC0,DD0,GG-40,EE-42,FF-46
EE:AA0,BB-40,EE0,DD-1,GG-41,CC-1,FF-47
FF:AA10,BB-28,CC9,DD-30,GG4,EE-31,FF0
GG:AA6,BB-34,CC5,DD-36,GG0,EE-37,FF-41
-----
AA:AA0,BB-42,CC-1,DD-44,GG-43,EE-45,FF-49
BB:AA2,BB0,CC1,DD-42,GG-41,EE-43,FF-47
CC:AA-1,BB-43,CC0,DD-45,GG-44,EE-46,FF-50
DD:AA1,BB-41,CC0,DD0,GG-42,EE-44,FF-48
EE:AA0,BB-42,EE0,DD-1,GG-43,CC-1,FF-49
FF:AA10,BB-30,CC9,DD-32,GG4,EE-33,FF0
GG:AA6,BB-36,CC5,DD-38,GG0,EE-39,FF-43
-----
AA:AA0,BB-44,CC-1,DD-46,GG-45,EE-47,FF-51
BB:AA2,BB0,CC1,DD-44,GG-43,EE-45,FF-49
CC:AA-1,BB-45,CC0,DD-47,GG-46,EE-48,FF-52
DD:AA1,BB-43,CC0,DD0,GG-44,EE-46,FF-50
EE:AA0,BB-44,EE0,DD-1,GG-45,CC-1,FF-51
FF:AA10,BB-32,CC9,DD-34,GG4,EE-35,FF0
GG:AA6,BB-38,CC5,DD-40,GG0,EE-41,FF-45
-----
AA:AA0,BB-46,CC-1,DD-48,GG-47,EE-49,FF-53
BB:AA2,BB0,CC1,DD-46,GG-45,EE-47,FF-51
CC:AA-1,BB-47,CC0,DD-49,GG-48,EE-50,FF-54
DD:AA1,BB-45,CC0,DD0,GG-46,EE-48,FF-52
EE:AA0,BB-46,EE0,DD-1,GG-47,CC-1,FF-53
FF:AA10,BB-34,CC9,DD-36,GG4,EE-37,FF0
GG:AA6,BB-40,CC5,DD-42,GG0,EE-43,FF-47
-----
AA:AA0,BB-48,CC-1,DD-50,GG-49,EE-51,FF-55
BB:AA2,BB0,CC1,DD-48,GG-47,EE-49,FF-53
CC:AA-1,BB-49,CC0,DD-51,GG-50,EE-52,FF-56
DD:AA1,BB-47,CC0,DD0,GG-48,EE-50,FF-54
EE:AA0,BB-48,EE0,DD-1,GG-49,CC-1,FF-55
FF:AA10,BB-36,CC9,DD-38,GG4,EE-39,FF0
GG:AA6,BB-42,CC5,DD-44,GG0,EE-45,FF-49
-----
AA:AA0,BB-50,CC-1,DD-52,GG-51,EE-53,FF-57
BB:AA2,BB0,CC1,DD-50,GG-49,EE-51,FF-55
CC:AA-1,BB-51,CC0,DD-53,GG-52,EE-54,FF-58
DD:AA1,BB-49,CC0,DD0,GG-50,EE-52,FF-56
EE:AA0,BB-50,EE0,DD-1,GG-51,CC-1,FF-57
FF:AA10,BB-38,CC9,DD-40,GG4,EE-41,FF0
GG:AA6,BB-44,CC5,DD-46,GG0,EE-47,FF-51
-----
AA:AA0,BB-52,CC-1,DD-54,GG-53,EE-55,FF-59
BB:AA2,BB0,CC1,DD-52,GG-51,EE-53,FF-57
CC:AA-1,BB-53,CC0,DD-55,GG-54,EE-56,FF-60
DD:AA1,BB-51,CC0,DD0,GG-52,EE-54,FF-58
EE:AA0,BB-52,EE0,DD-1,GG-53,CC-1,FF-59
FF:AA10,BB-40,CC9,DD-42,GG4,EE-43,FF0
GG:AA6,BB-46,CC5,DD-48,GG0,EE-49,FF-53
-----
AA:AA0,BB-54,CC-1,DD-56,GG-55,EE-57,FF-61
BB:AA2,BB0,CC1,DD-54,GG-53,EE-55,FF-59
CC:AA-1,BB-55,CC0,DD-57,GG-56,EE-58,FF-62
DD:AA1,BB-53,CC0,DD0,GG-54,EE-56,FF-60
EE:AA0,BB-54,EE0,DD-1,GG-55,CC-1,FF-61
FF:AA10,BB-42,CC9,DD-44,GG4,EE-45,FF0
GG:AA6,BB-48,CC5,DD-50,GG0,EE-51,FF-55
-----
AA:AA0,BB-56,CC-1,DD-58,GG-57,EE-59,FF-63
BB:AA2,BB0,CC1,DD-56,GG-55,EE-57,FF-61
CC:AA-1,BB-57,CC0,DD-59,GG-58,EE-60,FF-64
DD:AA1,BB-55,CC0,DD0,GG-56,EE-58,FF-62
EE:AA0,BB-56,EE0,DD-1,GG-57,CC-1,FF-63
FF:AA10,BB-44,CC9,DD-46,GG4,EE-47,FF0
GG:AA6,BB-50,CC5,DD-52,GG0,EE-53,FF-57
-----
AA:AA0,BB-58,CC-1,DD-60,GG-59,EE-61,FF-65
BB:AA2,BB0,CC1,DD-58,GG-57,EE-59,FF-63
CC:AA-1,BB-59,CC0,DD-61,GG-60,EE-62,FF-66
DD:AA1,BB-57,CC0,DD0,GG-58,EE-60,FF-64
EE:AA0,BB-58,EE0,DD-1,GG-59,CC-1,FF-65
FF:AA10,BB-46,CC9,DD-48,GG4,EE-49,FF0
GG:AA6,BB-52,CC5,DD-54,GG0,EE-55,FF-59
-----
AA:AA0,BB-60,CC-1,DD-62,GG-61,EE-63,FF-67
BB:AA2,BB0,CC1,DD-60,GG-59,EE-61,FF-65
CC:AA-1,BB-61,CC0,DD-63,GG-62,EE-64,FF-68
DD:AA1,BB-59,CC0,DD0,GG-60,EE-62,FF-66
EE:AA0,BB-60,EE0,DD-1,GG-61,CC-1,FF-67
FF:AA10,BB-48,CC9,DD-50,GG4,EE-51,FF0
GG:AA6,BB-54,CC5,DD-56,GG0,EE-57,FF-61
-----
AA:AA0,BB-62,CC-1,DD-64,GG-63,EE-65,FF-69
BB:AA2,BB0,CC1,DD-62,GG-61,EE-63,FF-67
CC:AA-1,BB-63,CC0,DD-65,GG-64,EE-66,FF-70
DD:AA1,BB-61,CC0,DD0,GG-62,EE-64,FF-68
EE:AA0,BB-62,EE0,DD-1,GG-63,CC-1,FF-69
FF:AA10,BB-50,CC9,DD-52,GG4,EE-53,FF0
GG:AA6,BB-56,CC5,DD-58,GG0,EE-59,FF-63
-----
AA:AA0,BB-64,CC-1,DD-66,GG-65,EE-67,FF-71
BB:AA2,BB0,CC1,DD-64,GG-63,EE-65,FF-69
CC:AA-1,BB-65,CC0,DD-67,GG-66,EE-68,FF-72
DD:AA1,BB-63,CC0,DD0,GG-64,EE-66,FF-70
EE:AA0,BB-64,EE0,DD-1,GG-65,CC-1,FF-71
FF:AA10,BB-52,CC9,DD-54,GG4,EE-55,FF0
GG:AA6,BB-58,CC5,DD-60,GG0,EE-61,FF-65
-----
AA:AA0,BB-66,CC-1,DD-68,GG-67,EE-69,FF-73
BB:AA2,BB0,CC1,DD-66,GG-65,EE-67,FF-71
CC:AA-1,BB-67,CC0,DD-69,GG-68,EE-70,FF-74
DD:AA1,BB-65,CC0,DD0,GG-66,EE-68,FF-72
EE:AA0,BB-66,EE0,DD-1,GG-67,CC-1,FF-73
FF:AA10,BB-54,CC9,DD-56,GG4,EE-57,FF0
GG:AA6,BB-60,CC5,DD-62,GG0,EE-63,FF-67
-----
AA:AA0,BB-68,CC-1,DD-70,GG-69,EE-71,FF-75
BB:AA2,BB0,CC1,DD-68,GG-67,EE-69,FF-73
CC:AA-1,BB-69,CC0,DD-71,GG-70,EE-72,FF-76
DD:AA1,BB-67,CC0,DD0,GG-68,EE-70,FF-74
EE:AA0,BB-68,EE0,DD-1,GG-69,CC-1,FF-75
FF:AA10,BB-56,CC9,DD-58,GG4,EE-59,FF0
GG:AA6,BB-62,CC5,DD-64,GG0,EE-65,FF-69
-----
AA:AA0,BB-70,CC-1,DD-72,GG-71,EE-73,FF-77
BB:AA2,BB0,CC1,DD-70,GG-69,EE-71,FF-75
CC:AA-1,BB-71,CC0,DD-73,GG-72,EE-74,FF-78
DD:AA1,BB-69,CC0,DD0,GG-70,EE-72,FF-76
EE:AA0,BB-70,EE0,DD-1,GG-71,CC-1,FF-77
FF:AA10,BB-58,CC9,DD-60,GG4,EE-61,FF0
GG:AA6,BB-64,CC5,DD-66,GG0,EE-67,FF-71
-----
AA:AA0,BB-72,CC-1,DD-74,GG-73,EE-75,FF-79
BB:AA2,BB0,CC1,DD-72,GG-71,EE-73,FF-77
CC:AA-1,BB-73,CC0,DD-75,GG-74,EE-76,FF-80
DD:AA1,BB-71,CC0,DD0,GG-72,EE-74,FF-78
EE:AA0,BB-72,EE0,DD-1,GG-73,CC-1,FF-79
FF:AA10,BB-60,CC9,DD-62,GG4,EE-63,FF0
GG:AA6,BB-66,CC5,DD-68,GG0,EE-69,FF-73
-----
AA:AA0,BB-74,CC-1,DD-76,GG-75,EE-77,FF-81
BB:AA2,BB0,CC1,DD-74,GG-73,EE-75,FF-79
CC:AA-1,BB-75,CC0,DD-77,GG-76,EE-78,FF-82
DD:AA1,BB-73,CC0,DD0,GG-74,EE-76,FF-80
EE:AA0,BB-74,EE0,DD-1,GG-75,CC-1,FF-81
FF:AA10,BB-62,CC9,DD-64,GG4,EE-65,FF0
GG:AA6,BB-68,CC5,DD-70,GG0,EE-71,FF-75
-----
AA:AA0,BB-76,CC-1,DD-78,GG-77,EE-79,FF-83
BB:AA2,BB0,CC1,DD-76,GG-75,EE-77,FF-81
CC:AA-1,BB-77,CC0,DD-79,GG-78,EE-80,FF-84
DD:AA1,BB-75,CC0,DD0,GG-76,EE-78,FF-82
EE:AA0,BB-76,EE0,DD-1,GG-77,CC-1,FF-83
FF:AA10,BB-64,CC9,DD-66,GG4,EE-67,FF0
GG:AA6,BB-70,CC5,DD-72,GG0,EE-73,FF-77
-----
AA:AA0,BB-78,CC-1,DD-80,GG-79,EE-81,FF-85
BB:AA2,BB0,CC1,DD-78,GG-77,EE-79,FF-83
CC:AA-1,BB-79,CC0,DD-81,GG-80,EE-82,FF-86
DD:AA1,BB-77,CC0,DD0,GG-78,EE-80,FF-84
EE:AA0,BB-78,EE0,DD-1,GG-79,CC-1,FF-85
FF:AA10,BB-66,CC9,DD-68,GG4,EE-69,FF0
GG:AA6,BB-72,CC5,DD-74,GG0,EE-75,FF-79
-----
AA:AA0,BB-80,CC-1,DD-82,GG-81,EE-83,FF-87
BB:AA2,BB0,CC1,DD-80,GG-79,EE-81,FF-85
CC:AA-1,BB-81,CC0,DD-83,GG-82,EE-84,FF-88
DD:AA1,BB-79,CC0,DD0,GG-80,EE-82,FF-86
EE:AA0,BB-80,EE0,DD-1,GG-81,CC-1,FF-87
FF:AA10,BB-68,CC9,DD-70,GG4,EE-71,FF0
GG:AA6,BB-74,CC5,DD-76,GG0,EE-77,FF-81
-----
AA:AA0,BB-82,CC-1,DD-84,GG-83,EE-85,FF-89
BB:AA2,BB0,CC1,DD-82,GG-81,EE-83,FF-87
CC:AA-1,BB-83,CC0,DD-85,GG-84,EE-86,FF-90
DD:AA1,BB-81,CC0,DD0,GG-82,EE-84,FF-88
EE:AA0,BB-82,EE0,DD-1,GG-83,CC-1,FF-89
FF:AA10,BB-70,CC9,DD-72,GG4,EE-73,FF0
GG:AA6,BB-76,CC5,DD-78,GG0,EE-79,FF-83
-----
AA:AA0,BB-84,CC-1,DD-86,GG-85,EE-87,FF-91
BB:AA2,BB0,CC1,DD-84,GG-83,EE-85,FF-89
CC:AA-1,BB-85,CC0,DD-87,GG-86,EE-88,FF-92
DD:AA1,BB-83,CC0,DD0,GG-84,EE-86,FF-90
EE:AA0,BB-84,EE0,DD-1,GG-85,CC-1,FF-91
FF:AA10,BB-72,CC9,DD-74,GG4,EE-75,FF0
GG:AA6,BB-78,CC5,DD-80,GG0,EE-81,FF-85
-----
AA:AA0,BB-86,CC-1,DD-88,GG-87,EE-89,FF-93
BB:AA2,BB0,CC1,DD-86,GG-85,EE-87,FF-91
CC:AA-1,BB-87,CC0,DD-89,GG-88,EE-90,FF-94
DD:AA1,BB-85,CC0,DD0,GG-86,EE-88,FF-92
EE:AA0,BB-86,EE0,DD-1,GG-87,CC-1,FF-93
FF:AA10,BB-74,CC9,DD-76,GG4,EE-77,FF0
GG:AA6,BB-80,CC5,DD-82,GG0,EE-83,FF-87
-----
AA:AA0,BB-88,CC-1,DD-90,GG-89,EE-91,FF-95
BB:AA2,BB0,CC1,DD-88,GG-87,EE-89,FF-93
CC:AA-1,BB-89,CC0,DD-91,GG-90,EE-92,FF-96
DD:AA1,BB-87,CC0,DD0,GG-88,EE-90,FF-94
EE:AA0,BB-88,EE0,DD-1,GG-89,CC-1,FF-95
FF:AA10,BB-76,CC9,DD-78,GG4,EE-79,FF0
GG:AA6,BB-82,CC5,DD-84,GG0,EE-85,FF-89
-----
AA:AA0,BB-90,CC-1,DD-92,GG-91,EE-93,FF-97
BB:AA2,BB0,CC1,DD-90,GG-89,EE-91,FF-95
CC:AA-1,BB-91,CC0,DD-93,GG-92,EE-94,FF-98
DD:AA1,BB-89,CC0,DD0,GG-90,EE-92,FF-96
EE:AA0,BB-90,EE0,DD-1,GG-91,CC-1,FF-97
FF:AA10,BB-78,CC9,DD-80,GG4,EE-81,FF0
GG:AA6,BB-84,CC5,DD-86,GG0,EE-87,FF-91
-----
AA:AA0,BB-92,CC-1,DD-94,GG-93,EE-95,FF-99
BB:AA2,BB0,CC1,DD-92,GG-91,EE-93,FF-99
CC:AA-1,BB-93,CC0,DD-95,GG-94,EE-96,FF-99
DD:AA1,BB-91,CC0,DD0,GG-92,EE-94,FF-99
EE:AA0,BB-92,EE0,DD-1,GG-93,CC-1,FF-99
FF:AA10,BB-80,CC9,DD-82,GG4,EE-83,FF0
GG:AA6,BB-86,CC5,DD-88,GG0,EE-89,FF-99
-----
AA:AA0,BB-94,CC-1,DD-96,GG-95,EE-97,FF-99
BB:AA2,BB0,CC1,DD-94,GG-93,EE-95,FF-99
CC:AA-1,BB-95,CC0,DD-97,GG-96,EE-98,FF-99
DD:AA1,BB-93,CC0,DD0,GG-94,EE-96,FF-99
EE:AA0,BB-94,EE0,DD-1,GG-95,CC-1,FF-99
FF:AA10,BB-82,CC9,DD-84,GG4,EE-85,FF0
GG:AA6,BB-88,CC5,DD-90,GG0,EE-91,FF-99
-----
AA:AA0,BB-96,CC-1,DD-98,GG-97,EE-99,FF-99
BB:AA2,BB0,CC1,DD-96,GG-95,EE-99,FF-99
CC:AA-1,BB-97,CC0,DD-99,GG-98,EE-99,FF-99
DD:AA1,BB-95,CC0,DD0,GG-96,EE-99,FF-99
EE:AA0,BB-96,EE0,DD-1,GG-97,CC-1,FF-99
FF:AA10,BB-84,CC9,DD-86,GG4,EE-87,FF0
GG:AA6,BB-90,CC5,DD-92,GG0,EE-99,FF-99
-----
AA:AA0,BB-98,CC-1,DD-99,GG-99,EE-99,FF-99
BB:AA2,BB0,CC1,DD-99,GG-99,EE-99,FF-99
CC:AA-1,BB-99,CC0,DD-99,GG-99,EE-99,FF-99
DD:AA1,BB-97,CC0,DD0,GG-99,EE-99,FF-99
EE:AA0,BB-98,EE0,DD-1,GG-99,CC-1,FF-99
FF:AA10,BB-86,CC9,DD-88,GG4,EE-99,FF0
GG:AA6,BB-92,CC5,DD-99,GG0,EE-99,FF-99
-----
AA:AA0,BB-99,CC-1,DD-99,GG-99,EE-99,FF-99
BB:AA2,BB0,CC1,DD-99,GG-99,EE-99,FF-99
CC:AA-1,BB-99,CC0,DD-99,GG-99,EE-99,FF-99
DD:AA1,BB-99,CC0,DD0,GG-99,EE-99,FF-99
EE:AA0,BB-99,EE0,DD-1,GG-99,CC-1,FF-99
FF:AA10,BB-88,CC9,DD-99,GG4,EE-99,FF0
GG:AA6,BB-99,CC5,DD-99,GG0,EE-99,FF-99
-----
AA:AA0,BB-99,CC-1,DD-99,GG-99,EE-99,FF-99
BB:AA2,BB0,CC1,DD-99,GG-99,EE-99,FF-99
CC:AA-1,BB-99,CC0,DD-99,GG-99,EE-99,FF-99
DD:AA1,BB-99,CC0,DD0,GG-99,EE-99,FF-99
EE:AA0,BB-99,EE0,DD-1,GG-99,CC-1,FF-99
FF:AA10,BB-99,CC9,DD-99,GG4,EE-99,FF0
GG:AA6,BB-99,CC5,DD-99,GG0,EE-99,FF-99
-----
AA:AA0,BB-99,CC-1,DD-99,GG-99,EE-99,FF-99
BB:AA2,BB0,CC1,DD-99,GG-99,EE-99,FF-99
CC:AA-1,BB-99,CC0,DD-99,GG-99,EE-99,FF-99
DD:AA1,BB-99,CC0,DD0,GG-99,EE-99,FF-99
EE:AA0,BB-99,EE0,DD-1,GG-99,CC-1,FF-99
FF:AA10,BB-99,CC9,DD-99,GG4,EE-99,FF0
GG:AA6,BB-99,CC5,DD-99,GG0,EE-99,FF-99
-----
