A:A0,C5,B5
B:A5,C-40,B0,E-40,D5
C:A-35,C0,B-40,E-80,D-35,F5
D:A10,C-35,B5,E-35,D0
E:A-75,C-80,B-80,E0,D-75,F-35
F:A-70,C-75,B-75,E-75,D-70,F0
-----
A:A0,C-35,B-35,E-75,D-30,F10
B:A-115,C-120,B0,E-120,D-115,F-75
C:A-99,C0,B-120,E-99,D-99,F-115
D:A-99,C-99,B-75,E-99,D0,F-70
E:A-99,C-99,B-99,E0,D-99,F-99
F:A-99,C-99,B-99,E-99,D-99,F0
-----
A:A0,C-99,B-99,E-99,D-99,F-99
B:A-99,C-99,B0,E-99,D-99,F-99
C:A-99,C0,B-99,E-99,D-99,F-99
D:A-99,C-99,B-99,E-99,D0,F-99
E:A-99,C-99,B-99,E0,D-99,F-99
F:A-99,C-99,B-99,E-99,D-99,F0
-----
A:A0,C-99,B-99,E-99,D-99,F-99
B:A-99,C-99,B0,E-99,D-99,F-99
C:A-99,C0,B-99,E-99,D-99,F-99
D:A-99,C-99,B-99,E-99,D0,F-99
E:A-99,C-99,B-99,E0,D-99,F-99
F:A-99,C-99,B-99,E-99,D-99,F0
-----
