A:A0,B5
B:A5,C4,B0,E4
C:A9,C0,B4,E8,D10
D:A19,C10,B14,E18,D0
E:E0,F-20
F:A13,C4,B8,E12,D14,F0
-----
A:A0,C9,B5,E9
B:A5,C4,B0,E4,D14,F-16
C:A9,C0,B4,E8,D10,F-12
D:A19,C10,B14,E18,D0,F-2
E:A-7,C-16,B-12,E0,D-6,F-20
F:A13,C4,B8,E12,D14,F0
-----
A:A0,C9,B5,E9,D19,F-11
B:A-3,C-12,B0,E4,D-2,F-16
C:A1,C0,B4,E8,D2,F-12
D:A11,C10,B14,E18,D0,F-2
E:A-7,C-16,B-12,E0,D-6,F-20
F:A5,C4,B8,E12,D6,F0
-----
A:A0,C-7,B5,E9,D3,F-11
B:A-3,C-12,B0,E4,D-2,F-16
C:A1,C0,B4,E8,D2,F-12
D:A11,C10,B14,E18,D0,F-2
E:A-15,C-16,B-12,E0,D-14,F-20
F:A5,C4,B8,E12,D6,F0
-----
A:A0,C-7,B5,E9,D3,F-11
B:A-11,C-12,B0,E4,D-10,F-16
C:A-7,C0,B4,E8,D-6,F-12
D:A3,C10,B14,E18,D0,F-2
E:A-15,C-16,B-12,E0,D-14,F-20
F:A-3,C4,B8,E12,D-2,F0
-----
A:A0,C-7,B5,E9,D-5,F-11
B:A-11,C-12,B0,E4,D-10,F-16
C:A-7,C0,B4,E8,D-6,F-12
D:A3,C10,B14,E18,D0,F-2
E:A-23,C-16,B-12,E0,D-22,F-20
F:A-3,C4,B8,E12,D-2,F0
-----
A:A0,C-7,B5,E9,D-5,F-11
B:A-19,C-12,B0,E4,D-18,F-16
C:A-15,C0,B4,E8,D-14,F-12
D:A-5,C10,B14,E18,D0,F-2
E:A-23,C-16,B-12,E0,D-22,F-20
F:A-11,C4,B8,E12,D-10,F0
-----
A:A0,C-7,B5,E9,D-13,F-11
B:A-19,C-12,B0,E4,D-18,F-16
C:A-15,C0,B4,E8,D-14,F-12
D:A-5,C10,B14,E18,D0,F-2
E:A-31,C-16,B-12,E0,D-30,F-20
F:A-11,C4,B8,E12,D-10,F0
-----
A:A0,C-7,B5,E9,D-13,F-11
B:A-27,C-12,B0,E4,D-26,F-16
C:A-23,C0,B4,E8,D-22,F-12
D:A-13,C10,B14,E18,D0,F-2
E:A-31,C-16,B-12,E0,D-30,F-20
F:A-19,C4,B8,E12,D-18,F0
-----
A:A0,C-7,B5,E9,D-21,F-11
B:A-27,C-12,B0,E4,D-26,F-16
C:A-23,C0,B4,E8,D-22,F-12
D:A-13,C10,B14,E18,D0,F-2
E:A-39,C-16,B-12,E0,D-38,F-20
F:A-19,C4,B8,E12,D-18,F0
-----
A:A0,C-7,B5,E9,D-21,F-11
B:A-35,C-12,B0,E4,D-34,F-16
C:A-31,C0,B4,E8,D-30,F-12
D:A-21,C10,B14,E18,D0,F-2
E:A-39,C-16,B-12,E0,D-38,F-20
F:A-27,C4,B8,E12,D-26,F0
-----
A:A0,C-7,B5,E9,D-29,F-11
B:A-35,C-12,B0,E4,D-34,F-16
C:A-31,C0,B4,E8,D-30,F-12
D:A-21,C10,B14,E18,D0,F-2
E:A-47,C-16,B-12,E0,D-46,F-20
F:A-27,C4,B8,E12,D-26,F0
-----
A:A0,C-7,B5,E9,D-29,F-11
B:A-43,C-12,B0,E4,D-42,F-16
C:A-39,C0,B4,E8,D-38,F-12
D:A-29,C10,B14,E18,D0,F-2
E:A-47,C-16,B-12,E0,D-46,F-20
F:A-35,C4,B8,E12,D-34,F0
-----
A:A0,C-7,B5,E9,D-37,F-11
B:A-43,C-12,B0,E4,D-42,F-16
C:A-39,C0,B4,E8,D-38,F-12
D:A-29,C10,B14,E18,D0,F-2
E:A-55,C-16,B-12,E0,D-54,F-20
F:A-35,C4,B8,E12,D-34,F0
-----
A:A0,C-7,B5,E9,D-37,F-11
B:A-51,C-12,B0,E4,D-50,F-16
C:A-47,C0,B4,E8,D-46,F-12
D:A-37,C10,B14,E18,D0,F-2
E:A-55,C-16,B-12,E0,D-54,F-20
F:A-43,C4,B8,E12,D-42,F0
-----
A:A0,C-7,B5,E9,D-45,F-11
B:A-51,C-12,B0,E4,D-50,F-16
C:A-47,C0,B4,E8,D-46,F-12
D:A-37,C10,B14,E18,D0,F-2
E:A-63,C-16,B-12,E0,D-62,F-20
F:A-43,C4,B8,E12,D-42,F0
-----
A:A0,C-7,B5,E9,D-45,F-11
B:A-59,C-12,B0,E4,D-58,F-16
C:A-55,C0,B4,E8,D-54,F-12
D:A-45,C10,B14,E18,D0,F-2
E:A-63,C-16,B-12,E0,D-62,F-20
F:A-51,C4,B8,E12,D-50,F0
-----
A:A0,C-7,B5,E9,D-53,F-11
B:A-59,C-12,B0,E4,D-58,F-16
C:A-55,C0,B4,E8,D-54,F-12
D:A-45,C10,B14,E18,D0,F-2
E:A-71,C-16,B-12,E0,D-70,F-20
F:A-51,C4,B8,E12,D-50,F0
-----
A:A0,C-7,B5,E9,D-53,F-11
B:A-67,C-12,B0,E4,D-66,F-16
C:A-63,C0,B4,E8,D-62,F-12
D:A-53,C10,B14,E18,D0,F-2
E:A-71,C-16,B-12,E0,D-70,F-20
F:A-59,C4,B8,E12,D-58,F0
-----
A:A0,C-7,B5,E9,D-61,F-11
B:A-67,C-12,B0,E4,D-66,F-16
C:A-63,C0,B4,E8,D-62,F-12
D:A-53,C10,B14,E18,D0,F-2
E:A-79,C-16,B-12,E0,D-78,F-20
F:A-59,C4,B8,E12,D-58,F0
-----
A:A0,C-7,B5,E9,D-61,F-11
B:A-75,C-12,B0,E4,D-74,F-16
C:A-71,C0,B4,E8,D-70,F-12
D:A-61,C10,B14,E18,D0,F-2
E:A-79,C-16,B-12,E0,D-78,F-20
F:A-67,C4,B8,E12,D-66,F0
-----
A:A0,C-7,B5,E9,D-69,F-11
B:A-75,C-12,B0,E4,D-74,F-16
C:A-71,C0,B4,E8,D-70,F-12
D:A-61,C10,B14,E18,D0,F-2
E:A-87,C-16,B-12,E0,D-86,F-20
F:A-67,C4,B8,E12,D-66,F0
-----
A:A0,C-7,B5,E9,D-69,F-11
B:A-83,C-12,B0,E4,D-82,F-16
C:A-79,C0,B4,E8,D-78,F-12
D:A-69,C10,B14,E18,D0,F-2
E:A-87,C-16,B-12,E0,D-86,F-20
F:A-75,C4,B8,E12,D-74,F0
-----
A:A0,C-7,B5,E9,D-77,F-11
B:A-83,C-12,B0,E4,D-82,F-16
C:A-79,C0,B4,E8,D-78,F-12
D:A-69,C10,B14,E18,D0,F-2
E:A-95,C-16,B-12,E0,D-94,F-20
F:A-75,C4,B8,E12,D-74,F0
-----
A:A0,C-7,B5,E9,D-77,F-11
B:A-91,C-12,B0,E4,D-90,F-16
C:A-87,C0,B4,E8,D-86,F-12
D:A-77,C10,B14,E18,D0,F-2
E:A-95,C-16,B-12,E0,D-94,F-20
F:A-83,C4,B8,E12,D-82,F0
-----
A:A0,C-7,B5,E9,D-85,F-11
B:A-91,C-12,B0,E4,D-90,F-16
C:A-87,C0,B4,E8,D-86,F-12
D:A-77,C10,B14,E18,D0,F-2
E:A-103,C-16,B-12,E0,D-102,F-20
F:A-83,C4,B8,E12,D-82,F0
-----
A:A0,C-7,B5,E9,D-85,F-11
B:A-99,C-12,B0,E4,D-99,F-16
C:A-99,C0,B4,E8,D-99,F-12
D:A-99,C10,B14,E18,D0,F-2
E:A-103,C-16,B-12,E0,D-102,F-20
F:A-99,C4,B8,E12,D-99,F0
-----
A:A0,C-7,B5,E9,D-99,F-11
B:A-99,C-12,B0,E4,D-99,F-16
C:A-99,C0,B4,E8,D-99,F-12
D:A-99,C10,B14,E18,D0,F-2
E:A-99,C-16,B-12,E0,D-99,F-20
F:A-99,C4,B8,E12,D-99,F0
-----
A:A0,C-7,B5,E9,D-99,F-11
B:A-99,C-12,B0,E4,D-99,F-16
C:A-99,C0,B4,E8,D-99,F-12
D:A-99,C10,B14,E18,D0,F-2
E:A-99,C-16,B-12,E0,D-99,F-20
F:A-99,C4,B8,E12,D-99,F0
-----
