AB:CC0,AB0,AD-7
AD:AE1,AD0
AE:CC1,AB1,AE0,AD-6
CC:CC0,AB0,AD-7
-----
AB:CC0,AB0,AE-6,AD-7
AD:CC2,AB2,AE1,AD0
AE:CC1,AB1,AE0,AD-6
CC:CC0,AB0,AE-6,AD-7
-----
AB:CC-5,AB0,AE-6,AD-7
AD:CC2,AB2,AE1,AD0
AE:CC-4,AB1,AE0,AD-6
CC:CC0,AB0,AE-6,AD-7
-----
AB:CC-5,AB0,AE-6,AD-7
AD:CC-3,AB2,AE1,AD0
AE:CC-4,AB1,AE0,AD-6
CC:CC0,AB0,AE-6,AD-7
-----
AB:CC-10,AB0,AE-6,AD-7
AD:CC-3,AB2,AE1,AD0
AE:CC-9,AB1,AE0,AD-6
CC:CC0,AB0,AE-6,AD-7
-----
AB:CC-10,AB0,AE-6,AD-7
AD:CC-8,AB2,AE1,AD0
AE:CC-9,AB1,AE0,AD-6
CC:CC0,AB0,AE-6,AD-7
-----
AB:CC-15,AB0,AE-6,AD-7
AD:CC-8,AB2,AE1,AD0
AE:CC-14,AB1,AE0,AD-6
CC:CC0,AB0,AE-6,AD-7
-----
AB:CC-15,AB0,AE-6,AD-7
AD:CC-13,AB2,AE1,AD0
AE:CC-14,AB1,AE0,AD-6
CC:CC0,AB0,AE-6,AD-7
-----
AB:CC-20,AB0,AE-6,AD-7
AD:CC-13,AB2,AE1,AD0
AE:CC-19,AB1,AE0,AD-6
CC:CC0,AB0,AE-6,AD-7
-----
AB:CC-20,AB0,AE-6,AD-7
AD:CC-18,AB2,AE1,AD0
AE:CC-19,AB1,AE0,AD-6
CC:CC0,AB0,AE-6,AD-7
-----
AB:CC-25,AB0,AE-6,AD-7
AD:CC-18,AB2,AE1,AD0
AE:CC-24,AB1,AE0,AD-6
CC:CC0,AB0,AE-6,AD-7
-----
AB:CC-25,AB0,AE-6,AD-7
AD:CC-23,AB2,AE1,AD0
AE:CC-24,AB1,AE0,AD-6
CC:CC0,AB0,AE-6,AD-7
-----
AB:CC-30,AB0,AE-6,AD-7
AD:CC-23,AB2,AE1,AD0
AE:CC-29,AB1,AE0,AD-6
CC:CC0,AB0,AE-6,AD-7
-----
AB:CC-30,AB0,AE-6,AD-7
AD:CC-28,AB2,AE1,AD0
AE:CC-29,AB1,AE0,AD-6
CC:CC0,AB0,AE-6,AD-7
-----
AB:CC-35,AB0,AE-6,AD-7
AD:CC-28,AB2,AE1,AD0
AE:CC-34,AB1,AE0,AD-6
CC:CC0,AB0,AE-6,AD-7
-----
AB:CC-35,AB0,AE-6,AD-7
AD:CC-33,AB2,AE1,AD0
AE:CC-34,AB1,AE0,AD-6
CC:CC0,AB0,AE-6,AD-7
-----
AB:CC-40,AB0,AE-6,AD-7
AD:CC-33,AB2,AE1,AD0
AE:CC-39,AB1,AE0,AD-6
CC:CC0,AB0,AE-6,AD-7
-----
AB:CC-40,AB0,AE-6,AD-7
AD:CC-38,AB2,AE1,AD0
AE:CC-39,AB1,AE0,AD-6
CC:CC0,AB0,AE-6,AD-7
-----
AB:CC-45,AB0,AE-6,AD-7
AD:CC-38,AB2,AE1,AD0
AE:CC-44,AB1,AE0,AD-6
CC:CC0,AB0,AE-6,AD-7
-----
AB:CC-45,AB0,AE-6,AD-7
AD:CC-43,AB2,AE1,AD0
AE:CC-44,AB1,AE0,AD-6
CC:CC0,AB0,AE-6,AD-7
-----
AB:CC-50,AB0,AE-6,AD-7
AD:CC-43,AB2,AE1,AD0
AE:CC-49,AB1,AE0,AD-6
CC:CC0,AB0,AE-6,AD-7
-----
AB:CC-50,AB0,AE-6,AD-7
AD:CC-48,AB2,AE1,AD0
AE:CC-49,AB1,AE0,AD-6
CC:CC0,AB0,AE-6,AD-7
-----
AB:CC-55,AB0,AE-6,AD-7
AD:CC-48,AB2,AE1,AD0
AE:CC-54,AB1,AE0,AD-6
CC:CC0,AB0,AE-6,AD-7
-----
AB:CC-55,AB0,AE-6,AD-7
AD:CC-53,AB2,AE1,AD0
AE:CC-54,AB1,AE0,AD-6
CC:CC0,AB0,AE-6,AD-7
-----
AB:CC-60,AB0,AE-6,AD-7
AD:CC-53,AB2,AE1,AD0
AE:CC-59,AB1,AE0,AD-6
CC:CC0,AB0,AE-6,AD-7
-----
AB:CC-60,AB0,AE-6,AD-7
AD:CC-58,AB2,AE1,AD0
AE:CC-59,AB1,AE0,AD-6
CC:CC0,AB0,AE-6,AD-7
-----
AB:CC-65,AB0,AE-6,AD-7
AD:CC-58,AB2,AE1,AD0
AE:CC-64,AB1,AE0,AD-6
CC:CC0,AB0,AE-6,AD-7
-----
AB:CC-65,AB0,AE-6,AD-7
AD:CC-63,AB2,AE1,AD0
AE:CC-64,AB1,AE0,AD-6
CC:CC0,AB0,AE-6,AD-7
-----
AB:CC-70,AB0,AE-6,AD-7
AD:CC-63,AB2,AE1,AD0
AE:CC-69,AB1,AE0,AD-6
CC:CC0,AB0,AE-6,AD-7
-----
AB:CC-70,AB0,AE-6,AD-7
AD:CC-68,AB2,AE1,AD0
AE:CC-69,AB1,AE0,AD-6
CC:CC0,AB0,AE-6,AD-7
-----
AB:CC-75,AB0,AE-6,AD-7
AD:CC-68,AB2,AE1,AD0
AE:CC-74,AB1,AE0,AD-6
CC:CC0,AB0,AE-6,AD-7
-----
AB:CC-75,AB0,AE-6,AD-7
AD:CC-73,AB2,AE1,AD0
AE:CC-74,AB1,AE0,AD-6
CC:CC0,AB0,AE-6,AD-7
-----
AB:CC-80,AB0,AE-6,AD-7
AD:CC-73,AB2,AE1,AD0
AE:CC-79,AB1,AE0,AD-6
CC:CC0,AB0,AE-6,AD-7
-----
AB:CC-80,AB0,AE-6,AD-7
AD:CC-78,AB2,AE1,AD0
AE:CC-79,AB1,AE0,AD-6
CC:CC0,AB0,AE-6,AD-7
-----
AB:CC-85,AB0,AE-6,AD-7
AD:CC-78,AB2,AE1,AD0
AE:CC-84,AB1,AE0,AD-6
CC:CC0,AB0,AE-6,AD-7
-----
AB:CC-85,AB0,AE-6,AD-7
AD:CC-83,AB2,AE1,AD0
AE:CC-84,AB1,AE0,AD-6
CC:CC0,AB0,AE-6,AD-7
-----
AB:CC-90,AB0,AE-6,AD-7
AD:CC-83,AB2,AE1,AD0
AE:CC-89,AB1,AE0,AD-6
CC:CC0,AB0,AE-6,AD-7
-----
AB:CC-90,AB0,AE-6,AD-7
AD:CC-88,AB2,AE1,AD0
AE:CC-89,AB1,AE0,AD-6
CC:CC0,AB0,AE-6,AD-7
-----
AB:CC-95,AB0,AE-6,AD-7
AD:CC-88,AB2,AE1,AD0
AE:CC-94,AB1,AE0,AD-6
CC:CC0,AB0,AE-6,AD-7
-----
AB:CC-95,AB0,AE-6,AD-7
AD:CC-93,AB2,AE1,AD0
AE:CC-94,AB1,AE0,AD-6
CC:CC0,AB0,AE-6,AD-7
-----
AB:CC-100,AB0,AE-6,AD-7
AD:CC-93,AB2,AE1,AD0
AE:CC-99,AB1,AE0,AD-6
CC:CC0,AB0,AE-6,AD-7
-----
AB:CC-100,AB0,AE-6,AD-7
AD:CC-99,AB2,AE1,AD0
AE:CC-99,AB1,AE0,AD-6
CC:CC0,AB0,AE-6,AD-7
-----
AB:CC-99,AB0,AE-6,AD-7
AD:CC-99,AB2,AE1,AD0
AE:CC-99,AB1,AE0,AD-6
CC:CC0,AB0,AE-6,AD-7
-----
