A:A0,C5,B5
B:A5,C5,B0,E-40,D5
C:A5,C0,B5,E-40,D10,F5
D:A10,C10,B5,E-35,D0
E:A-35,C-40,B-40,E0,D-35,F-35
F:A-30,C-35,B-35,E-35,D-30,F0
-----
A:A0,C5,B5,E-35,D10,F10
B:A-75,C-80,B0,E-40,D-75,F-75
C:A-75,C0,B-80,E-40,D-75,F-75
D:A-70,C-75,B-35,E-35,D0,F-70
E:A-115,C-120,B-120,E0,D-115,F-115
F:A-99,C-99,B-99,E-35,D-99,F0
-----
A:A0,C-75,B-75,E-35,D-70,F-70
B:A-99,C-99,B0,E-40,D-99,F-99
C:A-99,C0,B-99,E-40,D-99,F-99
D:A-99,C-99,B-99,E-35,D0,F-99
E:A-99,C-99,B-99,E0,D-99,F-99
F:A-99,C-99,B-99,E-35,D-99,F0
-----
A:A0,C-99,B-99,E-35,D-99,F-99
B:A-99,C-99,B0,E-40,D-99,F-99
C:A-99,C0,B-99,E-40,D-99,F-99
D:A-99,C-99,B-99,E-35,D0,F-99
E:A-99,C-99,B-99,E0,D-99,F-99
F:A-99,C-99,B-99,E-35,D-99,F0
-----
