A:A0,B-5
B:A-5,C4,B0
C:A-1,C0,B4
-----
A:A0,C-1,B-5
B:A-5,C-6,B0
C:A-1,C0,B4
-----
A:A0,C-11,B-5
B:A-5,C-16,B0
C:A-1,C0,B4
-----
A:A0,C-21,B-5
B:A-5,C-26,B0
C:A-1,C0,B4
-----
A:A0,C-31,B-5
B:A-5,C-36,B0
C:A-1,C0,B4
-----
A:A0,C-41,B-5
B:A-5,C-46,B0
C:A-1,C0,B4
-----
A:A0,C-51,B-5
B:A-5,C-56,B0
C:A-1,C0,B4
-----
A:A0,C-61,B-5
B:A-5,C-66,B0
C:A-1,C0,B4
-----
A:A0,C-71,B-5
B:A-5,C-76,B0
C:A-1,C0,B4
-----
A:A0,C-81,B-5
B:A-5,C-86,B0
C:A-1,C0,B4
-----
A:A0,C-91,B-5
B:A-5,C-96,B0
C:A-1,C0,B4
-----
A:A0,C-101,B-5
B:A-5,C-99,B0
C:A-1,C0,B4
-----
A:A0,C-99,B-5
B:A-5,C-99,B0
C:A-1,C0,B4
-----
