AA:AA0,CC-1,GG6
CC:CC0,AA-1,GG5
FF:GG4,FF0
GG:GG0,AA6,CC5
-----
AA:AA0,CC-1,GG4
CC:CC0,AA-1,GG3
FF:GG4,AA10,CC9,FF0
GG:GG0,AA6,CC5
-----
AA:AA0,CC-1,GG2
CC:CC0,AA-1,GG1
FF:GG4,AA10,CC9,FF0
GG:GG0,AA6,CC5
-----
AA:AA0,CC-1,GG0
CC:CC0,AA-1,GG-1
FF:GG4,AA10,CC9,FF0
GG:GG0,AA6,CC5
-----
AA:AA0,CC-1,GG-2
CC:CC0,AA-1,GG-3
FF:GG4,AA10,CC9,FF0
GG:GG0,AA6,CC5
-----
AA:AA0,CC-1,GG-4
CC:CC0,AA-1,GG-5
FF:GG4,AA10,CC9,FF0
GG:GG0,AA6,CC5
-----
AA:AA0,CC-1,GG-6
CC:CC0,AA-1,GG-7
FF:GG4,AA10,CC9,FF0
GG:GG0,AA6,CC5
-----
AA:AA0,CC-1,GG-8
CC:CC0,AA-1,GG-9
FF:GG4,AA10,CC9,FF0
GG:GG0,AA6,CC5
-----
AA:AA0,CC-1,GG-10
CC:CC0,AA-1,GG-11
FF:GG4,AA10,CC9,FF0
GG:GG0,AA6,CC5
-----
AA:AA0,CC-1,GG-12
CC:CC0,AA-1,GG-13
FF:GG4,AA10,CC9,FF0
GG:GG0,AA6,CC5
-----
AA:AA0,CC-1,GG-14
CC:CC0,AA-1,GG-15
FF:GG4,AA10,CC9,FF0
GG:GG0,AA6,CC5
-----
AA:AA0,CC-1,GG-16
CC:CC0,AA-1,GG-17
FF:GG4,AA10,CC9,FF0
GG:GG0,AA6,CC5
-----
AA:AA0,CC-1,GG-18
CC:CC0,AA-1,GG-19
FF:GG4,AA10,CC9,FF0
GG:GG0,AA6,CC5
-----
AA:AA0,CC-1,GG-20
CC:CC0,AA-1,GG-21
FF:GG4,AA10,CC9,FF0
GG:GG0,AA6,CC5
-----
AA:AA0,CC-1,GG-22
CC:CC0,AA-1,GG-23
FF:GG4,AA10,CC9,FF0
GG:GG0,AA6,CC5
-----
AA:AA0,CC-1,GG-24
CC:CC0,AA-1,GG-25
FF:GG4,AA10,CC9,FF0
GG:GG0,AA6,CC5
-----
AA:AA0,CC-1,GG-26
CC:CC0,AA-1,GG-27
FF:GG4,AA10,CC9,FF0
GG:GG0,AA6,CC5
-----
AA:AA0,CC-1,GG-28
CC:CC0,AA-1,GG-29
FF:GG4,AA10,CC9,FF0
GG:GG0,AA6,CC5
-----
AA:AA0,CC-1,GG-30
CC:CC0,AA-1,GG-31
FF:GG4,AA10,CC9,FF0
GG:GG0,AA6,CC5
-----
AA:AA0,CC-1,GG-32
CC:CC0,AA-1,GG-33
FF:GG4,AA10,CC9,FF0
GG:GG0,AA6,CC5
-----
AA:AA0,CC-1,GG-34
CC:CC0,AA-1,GG-35
FF:GG4,AA10,CC9,FF0
GG:GG0,AA6,CC5
-----
AA:AA0,CC-1,GG-36
CC:CC0,AA-1,GG-37
FF:GG4,AA10,CC9,FF0
GG:GG0,AA6,CC5
-----
AA:AA0,CC-1,GG-38
CC:CC0,AA-1,GG-39
FF:GG4,AA10,CC9,FF0
GG:GG0,AA6,CC5
-----
AA:AA0,CC-1,GG-40
CC:CC0,AA-1,GG-41
FF:GG4,AA10,CC9,FF0
GG:GG0,AA6,CC5
-----
AA:AA0,CC-1,GG-42
CC:CC0,AA-1,GG-43
FF:GG4,AA10,CC9,FF0
GG:GG0,AA6,CC5
-----
AA:AA0,CC-1,GG-44
CC:CC0,AA-1,GG-45
FF:GG4,AA10,CC9,FF0
GG:GG0,AA6,CC5
-----
AA:AA0,CC-1,GG-46
CC:CC0,AA-1,GG-47
FF:GG4,AA10,CC9,FF0
GG:GG0,AA6,CC5
-----
AA:AA0,CC-1,GG-48
CC:CC0,AA-1,GG-49
FF:GG4,AA10,CC9,FF0
GG:GG0,AA6,CC5
-----
AA:AA0,CC-1,GG-50
CC:CC0,AA-1,GG-51
FF:GG4,AA10,CC9,FF0
GG:GG0,AA6,CC5
-----
AA:AA0,CC-1,GG-52
CC:CC0,AA-1,GG-53
FF:GG4,AA10,CC9,FF0
GG:GG0,AA6,CC5
-----
AA:AA0,CC-1,GG-54
CC:CC0,AA-1,GG-55
FF:GG4,AA10,CC9,FF0
GG:GG0,AA6,CC5
-----
AA:AA0,CC-1,GG-56
CC:CC0,AA-1,GG-57
FF:GG4,AA10,CC9,FF0
GG:GG0,AA6,CC5
-----
AA:AA0,CC-1,GG-58
CC:CC0,AA-1,GG-59
FF:GG4,AA10,CC9,FF0
GG:GG0,AA6,CC5
-----
AA:AA0,CC-1,GG-60
CC:CC0,AA-1,GG-61
FF:GG4,AA10,CC9,FF0
GG:GG0,AA6,CC5
-----
AA:AA0,CC-1,GG-62
CC:CC0,AA-1,GG-63
FF:GG4,AA10,CC9,FF0
GG:GG0,AA6,CC5
-----
AA:AA0,CC-1,GG-64
CC:CC0,AA-1,GG-65
FF:GG4,AA10,CC9,FF0
GG:GG0,AA6,CC5
-----
AA:AA0,CC-1,GG-66
CC:CC0,AA-1,GG-67
FF:GG4,AA10,CC9,FF0
GG:GG0,AA6,CC5
-----
AA:AA0,CC-1,GG-68
CC:CC0,AA-1,GG-69
FF:GG4,AA10,CC9,FF0
GG:GG0,AA6,CC5
-----
AA:AA0,CC-1,GG-70
CC:CC0,AA-1,GG-71
FF:GG4,AA10,CC9,FF0
GG:GG0,AA6,CC5
-----
AA:AA0,CC-1,GG-72
CC:CC0,AA-1,GG-73
FF:GG4,AA10,CC9,FF0
GG:GG0,AA6,CC5
-----
AA:AA0,CC-1,GG-74
CC:CC0,AA-1,GG-75
FF:GG4,AA10,CC9,FF0
GG:GG0,AA6,CC5
-----
AA:AA0,CC-1,GG-76
CC:CC0,AA-1,GG-77
FF:GG4,AA10,CC9,FF0
GG:GG0,AA6,CC5
-----
AA:AA0,CC-1,GG-78
CC:CC0,AA-1,GG-79
FF:GG4,AA10,CC9,FF0
GG:GG0,AA6,CC5
-----
AA:AA0,CC-1,GG-80
CC:CC0,AA-1,GG-81
FF:GG4,AA10,CC9,FF0
GG:GG0,AA6,CC5
-----
AA:AA0,CC-1,GG-82
CC:CC0,AA-1,GG-83
FF:GG4,AA10,CC9,FF0
GG:GG0,AA6,CC5
-----
AA:AA0,CC-1,GG-84
CC:CC0,AA-1,GG-85
FF:GG4,AA10,CC9,FF0
GG:GG0,AA6,CC5
-----
AA:AA0,CC-1,GG-86
CC:CC0,AA-1,GG-87
FF:GG4,AA10,CC9,FF0
GG:GG0,AA6,CC5
-----
AA:AA0,CC-1,GG-88
CC:CC0,AA-1,GG-89
FF:GG4,AA10,CC9,FF0
GG:GG0,AA6,CC5
-----
AA:AA0,CC-1,GG-90
CC:CC0,AA-1,GG-91
FF:GG4,AA10,CC9,FF0
GG:GG0,AA6,CC5
-----
AA:AA0,CC-1,GG-92
CC:CC0,AA-1,GG-93
FF:GG4,AA10,CC9,FF0
GG:GG0,AA6,CC5
-----
AA:AA0,CC-1,GG-94
CC:CC0,AA-1,GG-95
FF:GG4,AA10,CC9,FF0
GG:GG0,AA6,CC5
-----
AA:AA0,CC-1,GG-96
CC:CC0,AA-1,GG-97
FF:GG4,AA10,CC9,FF0
GG:GG0,AA6,CC5
-----
AA:AA0,CC-1,GG-98
CC:CC0,AA-1,GG-99
FF:GG4,AA10,CC9,FF0
GG:GG0,AA6,CC5
-----
AA:AA0,CC-1,GG-99
CC:CC0,AA-1,GG-99
FF:GG4,AA10,CC9,FF0
GG:GG0,AA6,CC5
-----
