AA:AA0,CC-1,GG6,FF-1
CC:CC0,AA-1,GG5,FF-2
FF:GG4,FF0
GG:GG0,AA6,CC5,FF5
-----
AA:AA0,CC-1,GG3,FF-3
CC:CC0,AA-1,GG2,FF-4
FF:GG4,AA10,CC9,FF0
GG:GG0,AA6,CC5,FF3
-----
AA:AA0,CC-1,GG1,FF-5
CC:CC0,AA-1,GG0,FF-6
FF:GG4,AA10,CC9,FF0
GG:GG0,AA6,CC5,FF1
-----
AA:AA0,CC-1,GG-1,FF-7
CC:CC0,AA-1,GG-2,FF-8
FF:GG4,AA10,CC9,FF0
GG:GG0,AA6,CC5,FF-1
-----
AA:AA0,CC-1,GG-3,FF-9
CC:CC0,AA-1,GG-4,FF-10
FF:GG4,AA10,CC9,FF0
GG:GG0,AA6,CC5,FF-3
-----
AA:AA0,CC-1,GG-5,FF-11
CC:CC0,AA-1,GG-6,FF-12
FF:GG4,AA10,CC9,FF0
GG:GG0,AA6,CC5,FF-5
-----
AA:AA0,CC-1,GG-7,FF-13
CC:CC0,AA-1,GG-8,FF-14
FF:GG4,AA10,CC9,FF0
GG:GG0,AA6,CC5,FF-7
-----
AA:AA0,CC-1,GG-9,FF-15
CC:CC0,AA-1,GG-10,FF-16
FF:GG4,AA10,CC9,FF0
GG:GG0,AA6,CC5,FF-9
-----
AA:AA0,CC-1,GG-11,FF-17
CC:CC0,AA-1,GG-12,FF-18
FF:GG4,AA10,CC9,FF0
GG:GG0,AA6,CC5,FF-11
-----
AA:AA0,CC-1,GG-13,FF-19
CC:CC0,AA-1,GG-14,FF-20
FF:GG4,AA10,CC9,FF0
GG:GG0,AA6,CC5,FF-13
-----
AA:AA0,CC-1,GG-15,FF-21
CC:CC0,AA-1,GG-16,FF-22
FF:GG4,AA10,CC9,FF0
GG:GG0,AA6,CC5,FF-15
-----
AA:AA0,CC-1,GG-17,FF-23
CC:CC0,AA-1,GG-18,FF-24
FF:GG4,AA10,CC9,FF0
GG:GG0,AA6,CC5,FF-17
-----
AA:AA0,CC-1,GG-19,FF-25
CC:CC0,AA-1,GG-20,FF-26
FF:GG4,AA10,CC9,FF0
GG:GG0,AA6,CC5,FF-19
-----
AA:AA0,CC-1,GG-21,FF-27
CC:CC0,AA-1,GG-22,FF-28
FF:GG4,AA10,CC9,FF0
GG:GG0,AA6,CC5,FF-21
-----
AA:AA0,CC-1,GG-23,FF-29
CC:CC0,AA-1,GG-24,FF-30
FF:GG4,AA10,CC9,FF0
GG:GG0,AA6,CC5,FF-23
-----
AA:AA0,CC-1,GG-25,FF-31
CC:CC0,AA-1,GG-26,FF-32
FF:GG4,AA10,CC9,FF0
GG:GG0,AA6,CC5,FF-25
-----
AA:AA0,CC-1,GG-27,FF-33
CC:CC0,AA-1,GG-28,FF-34
FF:GG4,AA10,CC9,FF0
GG:GG0,AA6,CC5,FF-27
-----
AA:AA0,CC-1,GG-29,FF-35
CC:CC0,AA-1,GG-30,FF-36
FF:GG4,AA10,CC9,FF0
GG:GG0,AA6,CC5,FF-29
-----
AA:AA0,CC-1,GG-31,FF-37
CC:CC0,AA-1,GG-32,FF-38
FF:GG4,AA10,CC9,FF0
GG:GG0,AA6,CC5,FF-31
-----
AA:AA0,CC-1,GG-33,FF-39
CC:CC0,AA-1,GG-34,FF-40
FF:GG4,AA10,CC9,FF0
GG:GG0,AA6,CC5,FF-33
-----
AA:AA0,CC-1,GG-35,FF-41
CC:CC0,AA-1,GG-36,FF-42
FF:GG4,AA10,CC9,FF0
GG:GG0,AA6,CC5,FF-35
-----
AA:AA0,CC-1,GG-37,FF-43
CC:CC0,AA-1,GG-38,FF-44
FF:GG4,AA10,CC9,FF0
GG:GG0,AA6,CC5,FF-37
-----
AA:AA0,CC-1,GG-39,FF-45
CC:CC0,AA-1,GG-40,FF-46
FF:GG4,AA10,CC9,FF0
GG:GG0,AA6,CC5,FF-39
-----
AA:AA0,CC-1,GG-41,FF-47
CC:CC0,AA-1,GG-42,FF-48
FF:GG4,AA10,CC9,FF0
GG:GG0,AA6,CC5,FF-41
-----
AA:AA0,CC-1,GG-43,FF-49
CC:CC0,AA-1,GG-44,FF-50
FF:GG4,AA10,CC9,FF0
GG:GG0,AA6,CC5,FF-43
-----
AA:AA0,CC-1,GG-45,FF-51
CC:CC0,AA-1,GG-46,FF-52
FF:GG4,AA10,CC9,FF0
GG:GG0,AA6,CC5,FF-45
-----
AA:AA0,CC-1,GG-47,FF-53
CC:CC0,AA-1,GG-48,FF-54
FF:GG4,AA10,CC9,FF0
GG:GG0,AA6,CC5,FF-47
-----
AA:AA0,CC-1,GG-49,FF-55
CC:CC0,AA-1,GG-50,FF-56
FF:GG4,AA10,CC9,FF0
GG:GG0,AA6,CC5,FF-49
-----
AA:AA0,CC-1,GG-51,FF-57
CC:CC0,AA-1,GG-52,FF-58
FF:GG4,AA10,CC9,FF0
GG:GG0,AA6,CC5,FF-51
-----
AA:AA0,CC-1,GG-53,FF-59
CC:CC0,AA-1,GG-54,FF-60
FF:GG4,AA10,CC9,FF0
GG:GG0,AA6,CC5,FF-53
-----
AA:AA0,CC-1,GG-55,FF-61
CC:CC0,AA-1,GG-56,FF-62
FF:GG4,AA10,CC9,FF0
GG:GG0,AA6,CC5,FF-55
-----
AA:AA0,CC-1,GG-57,FF-63
CC:CC0,AA-1,GG-58,FF-64
FF:GG4,AA10,CC9,FF0
GG:GG0,AA6,CC5,FF-57
-----
AA:AA0,CC-1,GG-59,FF-65
CC:CC0,AA-1,GG-60,FF-66
FF:GG4,AA10,CC9,FF0
GG:GG0,AA6,CC5,FF-59
-----
AA:AA0,CC-1,GG-61,FF-67
CC:CC0,AA-1,GG-62,FF-68
FF:GG4,AA10,CC9,FF0
GG:GG0,AA6,CC5,FF-61
-----
AA:AA0,CC-1,GG-63,FF-69
CC:CC0,AA-1,GG-64,FF-70
FF:GG4,AA10,CC9,FF0
GG:GG0,AA6,CC5,FF-63
-----
AA:AA0,CC-1,GG-65,FF-71
CC:CC0,AA-1,GG-66,FF-72
FF:GG4,AA10,CC9,FF0
GG:GG0,AA6,CC5,FF-65
-----
AA:AA0,CC-1,GG-67,FF-73
CC:CC0,AA-1,GG-68,FF-74
FF:GG4,AA10,CC9,FF0
GG:GG0,AA6,CC5,FF-67
-----
AA:AA0,CC-1,GG-69,FF-75
CC:CC0,AA-1,GG-70,FF-76
FF:GG4,AA10,CC9,FF0
GG:GG0,AA6,CC5,FF-69
-----
AA:AA0,CC-1,GG-71,FF-77
CC:CC0,AA-1,GG-72,FF-78
FF:GG4,AA10,CC9,FF0
GG:GG0,AA6,CC5,FF-71
-----
AA:AA0,CC-1,GG-73,FF-79
CC:CC0,AA-1,GG-74,FF-80
FF:GG4,AA10,CC9,FF0
GG:GG0,AA6,CC5,FF-73
-----
AA:AA0,CC-1,GG-75,FF-81
CC:CC0,AA-1,GG-76,FF-82
FF:GG4,AA10,CC9,FF0
GG:GG0,AA6,CC5,FF-75
-----
AA:AA0,CC-1,GG-77,FF-83
CC:CC0,AA-1,GG-78,FF-84
FF:GG4,AA10,CC9,FF0
GG:GG0,AA6,CC5,FF-77
-----
AA:AA0,CC-1,GG-79,FF-85
CC:CC0,AA-1,GG-80,FF-86
FF:GG4,AA10,CC9,FF0
GG:GG0,AA6,CC5,FF-79
-----
AA:AA0,CC-1,GG-81,FF-87
CC:CC0,AA-1,GG-82,FF-88
FF:GG4,AA10,CC9,FF0
GG:GG0,AA6,CC5,FF-81
-----
AA:AA0,CC-1,GG-83,FF-89
CC:CC0,AA-1,GG-84,FF-90
FF:GG4,AA10,CC9,FF0
GG:GG0,AA6,CC5,FF-83
-----
AA:AA0,CC-1,GG-85,FF-91
CC:CC0,AA-1,GG-86,FF-92
FF:GG4,AA10,CC9,FF0
GG:GG0,AA6,CC5,FF-85
-----
AA:AA0,CC-1,GG-87,FF-93
CC:CC0,AA-1,GG-88,FF-94
FF:GG4,AA10,CC9,FF0
GG:GG0,AA6,CC5,FF-87
-----
AA:AA0,CC-1,GG-89,FF-95
CC:CC0,AA-1,GG-90,FF-96
FF:GG4,AA10,CC9,FF0
GG:GG0,AA6,CC5,FF-89
-----
AA:AA0,CC-1,GG-91,FF-97
CC:CC0,AA-1,GG-92,FF-98
FF:GG4,AA10,CC9,FF0
GG:GG0,AA6,CC5,FF-91
-----
AA:AA0,CC-1,GG-93,FF-99
CC:CC0,AA-1,GG-94,FF-99
FF:GG4,AA10,CC9,FF0
GG:GG0,AA6,CC5,FF-99
-----
AA:AA0,CC-1,GG-95,FF-99
CC:CC0,AA-1,GG-96,FF-99
FF:GG4,AA10,CC9,FF0
GG:GG0,AA6,CC5,FF-99
-----
AA:AA0,CC-1,GG-97,FF-99
CC:CC0,AA-1,GG-98,FF-99
FF:GG4,AA10,CC9,FF0
GG:GG0,AA6,CC5,FF-99
-----
AA:AA0,CC-1,GG-99,FF-99
CC:CC0,AA-1,GG-99,FF-99
FF:GG4,AA10,CC9,FF0
GG:GG0,AA6,CC5,FF-99
-----
AA:AA0,CC-1,GG-99,FF-99
CC:CC0,AA-1,GG-99,FF-99
FF:GG4,AA10,CC9,FF0
GG:GG0,AA6,CC5,FF-99
-----
