A:A0,B10
B:B0
C:A15,C0,B25,E6,D-17
D:B-5,D0,G3
E:E0,F-45
F:A21,C6,B31,E12,D-11,F0
G:H-49,G0
H:H0,B-2,D3,G6
-----
A:A0,B10
B:B0
C:A15,C0,B-22,E6,D-17,G-14,F-39
D:H-46,B-5,D0,G3
E:A-24,C-39,B-14,E0,D-56,F-45
F:A21,C6,B-16,E12,D-11,G-8,F0
G:H-49,B-51,D-46,G0
H:H0,B-2,D3,G6
-----
A:A0,B10
B:B0
C:A-18,C0,B-22,E6,D-50,G-14,F-39,H-63
D:H-46,B-48,D0,G3
E:A-24,C-39,B-61,E0,D-56,G-53,F-45
F:A-12,C6,B-16,E12,D-44,G-8,F0,H-57
G:H-49,B-51,D-46,G0
H:H0,B-45,D3,G6
-----
A:A0,B10
B:B0
C:A-18,C0,B-65,E6,D-50,G-47,F-39,H-63
D:H-46,B-48,D0,G3
E:A-57,C-39,B-61,E0,D-89,G-53,F-45,H-102
F:A-12,C6,B-59,E12,D-44,G-41,F0,H-57
G:H-49,B-94,D-46,G0
H:H0,B-45,D3,G6
-----
A:A0,B10
B:B0
C:A-51,C0,B-65,E6,D-83,G-47,F-39,H-99
D:H-46,B-91,D0,G3
E:A-57,C-39,B-104,E0,D-89,G-86,F-45,H-102
F:A-45,C6,B-59,E12,D-77,G-41,F0,H-99
G:H-49,B-94,D-46,G0
H:H0,B-88,D3,G6
-----
A:A0,B10
B:B0
C:A-51,C0,B-99,E6,D-83,G-80,F-39,H-99
D:H-46,B-91,D0,G3
E:A-90,C-39,B-104,E0,D-122,G-86,F-45,H-99
F:A-45,C6,B-99,E12,D-77,G-74,F0,H-99
G:H-49,B-137,D-46,G0
H:H0,B-88,D3,G6
-----
A:A0,B10
B:B0
C:A-84,C0,B-99,E6,D-99,G-80,F-39,H-99
D:H-46,B-99,D0,G3
E:A-90,C-39,B-99,E0,D-122,G-119,F-45,H-99
F:A-78,C6,B-99,E12,D-99,G-74,F0,H-99
G:H-49,B-137,D-46,G0
H:H0,B-99,D3,G6
-----
A:A0,B10
B:B0
C:A-84,C0,B-99,E6,D-99,G-99,F-39,H-99
D:H-46,B-99,D0,G3
E:A-123,C-39,B-99,E0,D-99,G-119,F-45,H-99
F:A-78,C6,B-99,E12,D-99,G-99,F0,H-99
G:H-49,B-99,D-46,G0
H:H0,B-99,D3,G6
-----
A:A0,B10
B:B0
C:A-99,C0,B-99,E6,D-99,G-99,F-39,H-99
D:H-46,B-99,D0,G3
E:A-123,C-39,B-99,E0,D-99,G-99,F-45,H-99
F:A-99,C6,B-99,E12,D-99,G-99,F0,H-99
G:H-49,B-99,D-46,G0
H:H0,B-99,D3,G6
-----
A:A0,B10
B:B0
C:A-99,C0,B-99,E6,D-99,G-99,F-39,H-99
D:H-46,B-99,D0,G3
E:A-99,C-39,B-99,E0,D-99,G-99,F-45,H-99
F:A-99,C6,B-99,E12,D-99,G-99,F0,H-99
G:H-49,B-99,D-46,G0
H:H0,B-99,D3,G6
-----
A:A0,B10
B:B0
C:A-99,C0,B-99,E6,D-99,G-99,F-39,H-99
D:H-46,B-99,D0,G3
E:A-99,C-39,B-99,E0,D-99,G-99,F-45,H-99
F:A-99,C6,B-99,E12,D-99,G-99,F0,H-99
G:H-49,B-99,D-46,G0
H:H0,B-99,D3,G6
-----
